[0.054s] Invoking command in '/home/admin/bumperbot_ws/build/bumperbot_cpp_examples': CMAKE_PREFIX_PATH=${CMAKE_PREFIX_PATH}:/opt/ros/jazzy DEBUGINFOD_URLS=https://debuginfod.ubuntu.com /usr/bin/cmake --build /home/admin/bumperbot_ws/build/bumperbot_cpp_examples -- -j4 -l4
[0.379s] -- Found ament_cmake: 2.5.3 (/opt/ros/jazzy/share/ament_cmake/cmake)
[1.045s] -- Found rclcpp: 28.1.6 (/opt/ros/jazzy/share/rclcpp/cmake)
[1.512s] -- Found rosidl_generator_c: 4.6.5 (/opt/ros/jazzy/share/rosidl_generator_c/cmake)
[1.575s] -- Found rosidl_generator_cpp: 4.6.5 (/opt/ros/jazzy/share/rosidl_generator_cpp/cmake)
[1.704s] -- Using all available rosidl_typesupport_c: rosidl_typesupport_fastrtps_c;rosidl_typesupport_introspection_c
[1.903s] -- Using all available rosidl_typesupport_cpp: rosidl_typesupport_fastrtps_cpp;rosidl_typesupport_introspection_cpp
[2.574s] -- Found rmw_implementation_cmake: 7.3.1 (/opt/ros/jazzy/share/rmw_implementation_cmake/cmake)
[2.587s] -- Found rmw_fastrtps_cpp: 8.4.1 (/opt/ros/jazzy/share/rmw_fastrtps_cpp/cmake)
[2.836s] -- Using RMW implementation 'rmw_fastrtps_cpp' as default
[3.055s] -- Found std_msgs: 5.3.5 (/opt/ros/jazzy/share/std_msgs/cmake)
[3.094s] -- Found ament_lint_auto: 0.17.1 (/opt/ros/jazzy/share/ament_lint_auto/cmake)
[3.283s] -- Added test 'cppcheck' to perform static code analysis on C / C++ code
[3.284s] -- Configured cppcheck include dirs: 
[3.284s] -- Configured cppcheck exclude dirs and/or files: 
[3.285s] -- Added test 'lint_cmake' to check CMake code style
[3.287s] -- Added test 'uncrustify' to check C / C++ code style
[3.288s] -- Configured uncrustify additional arguments: 
[3.288s] -- Added test 'xmllint' to check XML markup files
[3.291s] -- Configuring done (3.0s)
[3.434s] -- Generating done (0.1s)
[3.441s] -- Build files have been written to: /home/admin/bumperbot_ws/build/bumperbot_cpp_examples
[3.494s] [ 16%] [32mBuilding CXX object CMakeFiles/simple_parameter.dir/src/simple_parameter.cpp.o[0m
[3.514s] [ 33%] [32mBuilding CXX object CMakeFiles/simple_subs.dir/src/simple_subs.cpp.o[0m
[3.519s] [ 50%] [32mBuilding CXX object CMakeFiles/simple_publisher.dir/src/simple_publisher.cpp.o[0m
[3.550s] [01m[K/home/admin/bumperbot_ws/src/bumperbot_cpp_examples/src/simple_parameter.cpp:1:10:[m[K [01;31m[Kfatal error: [m[Krclcpp/rclcpp.hpp: No such file or directory
[3.550s]     1 | #include [01;31m[K<rclcpp/rclcpp.hpp>[m[K
[3.550s]       |          [01;31m[K^~~~~~~~~~~~~~~~~~~[m[K
[3.551s] compilation terminated.
[3.552s] gmake[2]: *** [CMakeFiles/simple_parameter.dir/build.make:76: CMakeFiles/simple_parameter.dir/src/simple_parameter.cpp.o] Error 1
[3.552s] gmake[1]: *** [CMakeFiles/Makefile2:193: CMakeFiles/simple_parameter.dir/all] Error 2
[3.552s] gmake[1]: *** Waiting for unfinished jobs....
[8.557s] [ 66%] [32m[1mLinking CXX executable simple_publisher[0m
[9.408s] [ 66%] Built target simple_publisher
[11.630s] [ 83%] [32m[1mLinking CXX executable simple_subs[0m
[11.956s] [ 83%] Built target simple_subs
[11.958s] gmake: *** [Makefile:146: all] Error 2
[11.971s] Invoked command in '/home/admin/bumperbot_ws/build/bumperbot_cpp_examples' returned '2': CMAKE_PREFIX_PATH=${CMAKE_PREFIX_PATH}:/opt/ros/jazzy DEBUGINFOD_URLS=https://debuginfod.ubuntu.com /usr/bin/cmake --build /home/admin/bumperbot_ws/build/bumperbot_cpp_examples -- -j4 -l4
